/*C4*/SET SCHEMA PUBLIC
INSERT INTO ATIVIDADE VALUES(13,'Lan\u00e7amento da primeira nota parcial (N1) no sistema acad\u00eamico','2020-04-24','2020-04-24',2020,31,6)
COMMIT
/*C5*/SET SCHEMA PUBLIC
DELETE FROM PLANOAVALIACAO WHERE PLANOAVALIACAO_PLANODEENSINO_ID=2 AND SEQUENCIA=12
INSERT INTO PLANOAVALIACAO VALUES(12,1,'2020-05-01','Lista de exerc\u00edcios 12',1,10,2,27,NULL,NULL)
COMMIT
DELETE FROM PLANOAVALIACAO WHERE PLANOAVALIACAO_PLANODEENSINO_ID=2 AND SEQUENCIA=13
INSERT INTO PLANOAVALIACAO VALUES(13,1,'2020-05-08','Lista de exerc\u00edcios 13',1,10,2,27,NULL,NULL)
COMMIT
DELETE FROM PLANOAVALIACAO WHERE PLANOAVALIACAO_PLANODEENSINO_ID=2 AND SEQUENCIA=14
INSERT INTO PLANOAVALIACAO VALUES(14,1,'2020-05-15','Lista de exerc\u00edcios 14',1,10,2,27,NULL,NULL)
COMMIT
DELETE FROM PLANOAVALIACAO WHERE PLANOAVALIACAO_PLANODEENSINO_ID=2 AND SEQUENCIA=15
INSERT INTO PLANOAVALIACAO VALUES(15,1,'2020-05-23','Lista de exerc\u00edcios 15',1,10,2,27,NULL,NULL)
COMMIT
DELETE FROM PLANOAVALIACAO WHERE PLANOAVALIACAO_PLANODEENSINO_ID=2 AND SEQUENCIA=16
INSERT INTO PLANOAVALIACAO VALUES(16,1,'2020-05-29','Lista de exerc\u00edcios 16',1,10,2,27,NULL,NULL)
COMMIT
DELETE FROM PLANOAVALIACAO WHERE PLANOAVALIACAO_PLANODEENSINO_ID=2 AND SEQUENCIA=17
INSERT INTO PLANOAVALIACAO VALUES(17,1,'2020-06-05','Lista de exerc\u00edcios 17',1,10,2,27,NULL,NULL)
COMMIT
DELETE FROM PLANOAVALIACAO WHERE PLANOAVALIACAO_PLANODEENSINO_ID=2 AND SEQUENCIA=18
INSERT INTO PLANOAVALIACAO VALUES(18,1,'2020-06-12','Lista de exerc\u00edcios 18',1,10,2,27,NULL,NULL)
COMMIT
DELETE FROM PLANOAVALIACAO WHERE PLANOAVALIACAO_PLANODEENSINO_ID=2 AND SEQUENCIA=19
INSERT INTO PLANOAVALIACAO VALUES(19,1,'2020-06-19','Lista de exerc\u00edcios 19',1,10,2,27,NULL,NULL)
COMMIT
